mail.google.com: abishek.ei22@bitsathy.ac.in
mail.google.com: havox004@gmail.com
mail.google.com: havox004@gmail.com
mail.google.com: u003ehavox004@gmail.com
mail.google.com: havox004@gmail.com
mail.google.com: havox004@gmail.com
mail.google.com: reply-111030655993502703789@profiles.google.com
mail.google.com: havox004@gmail.com
mail.google.com: havox004@gmail.com
mail.google.com: havox004@gmail.com
mail.google.com: havox004@gmail.com
mail.google.com: havox004@gmail.com
mail.google.com: havox004@gmail.com
mail.google.com: havox004@gmail.com
mail.google.com: noreply@notifications.freelancer.com
mail.google.com: noreply@notifications.freelancer.com
mail.google.com: noreply@skool.com
mail.google.com: noreply@skool.com
mail.google.com: no-reply@google.com
mail.google.com: no-reply@google.com
mail.google.com: havox004@gmail.com
mail.google.com: no-reply@accounts.google.com
mail.google.com: havox004@gmail.com
mail.google.com: Email%3Dhavox004@gmail.com
mail.google.com: havox004@gmail.com
mail.google.com: no-reply@accounts.google.com
mail.google.com: havox004@gmail.com
mail.google.com: Email%3Dhavox004@gmail.com
mail.google.com: noreply@notifications.freelancer.com
mail.google.com: noreply@notifications.freelancer.com
mail.google.com: hello@leanpub.com
mail.google.com: hello@leanpub.com
mail.google.com: paymentretry@instamojo.com
mail.google.com: u003cdgmeudoxia@eudoxiainternational.com
mail.google.com: neerajabose996@gmail.com
mail.google.com: u003cdgmeudoxia@eudoxiainternational.com
mail.google.com: u003cCALLVWFdGePVDowi__XqRock29a1ACaDxObaEgH1RWTiUinrMWg@mail.gmail.com
mail.google.com: noreply@notifications.freelancer.com
mail.google.com: noreply@notifications.freelancer.com
mail.google.com: noreply@skool.com
mail.google.com: noreply@skool.com
mail.google.com: team@hello.jobscan.co
mail.google.com: 1axdkud0dry80gdb...@4183339m.hello.jobscan.co
mail.google.com: team@hello.jobscan.co
mail.google.com: contact@stationx.net
mail.google.com: unsub+n4u7vwwo6eivh84o...@convertkit-mail.com
mail.google.com: contact@stationx.net
mail.google.com: noreply@notifications.freelancer.com
mail.google.com: noreply@notifications.freelancer.com
mail.google.com: noreply@skool.com
mail.google.com: noreply@skool.com
mail.google.com: no-reply@aistandardshub.org
mail.google.com: team@hello.jobscan.co
mail.google.com: 1axdizdliakt2xga...@4183339m.hello.jobscan.co
mail.google.com: noreply@notifications.freelancer.com
mail.google.com: noreply@notifications.freelancer.com
mail.google.com: contact@stationx.net
mail.google.com: unsub+75uo9qq76li8hkem...@convertkit-mail.com
mail.google.com: contact@stationx.net
mail.google.com: noreply@notifications.freelancer.com
mail.google.com: noreply@notifications.freelancer.com
mail.google.com: noreply@skool.com
mail.google.com: noreply@skool.com
mail.google.com: noreply@notifications.freelancer.com
mail.google.com: noreply@notifications.freelancer.com
mail.google.com: noreply@notifications.freelancer.com
mail.google.com: noreply@notifications.freelancer.com
mail.google.com: noreply@skool.com
mail.google.com: noreply@skool.com
mail.google.com: noreply@notifications.freelancer.com
mail.google.com: noreply@notifications.freelancer.com
mail.google.com: noreply@notifications.freelancer.com
mail.google.com: noreply@notifications.freelancer.com
mail.google.com: noreply@skool.com
mail.google.com: noreply@skool.com
mail.google.com: hello@leanpub.com
mail.google.com: hello@leanpub.com
mail.google.com: contact@stationx.net
mail.google.com: unsub+0vu2v66wgqb9ho4o...@convertkit-mail.com
mail.google.com: contact@stationx.net
mail.google.com: noreply@notifications.freelancer.com
mail.google.com: noreply@notifications.freelancer.com
mail.google.com: noreply@skool.com
mail.google.com: noreply@skool.com
mail.google.com: noreply@zerossl.com
mail.google.com: noreply@zerossl.com
mail.google.com: noreply@notifications.freelancer.com
mail.google.com: noreply@notifications.freelancer.com
mail.google.com: contact@stationx.net
mail.google.com: unsub+27ugr3320wsohvq5...@convertkit-mail.com
mail.google.com: contact@stationx.net
mail.google.com: noreply@notifications.freelancer.com
mail.google.com: noreply@notifications.freelancer.com
mail.google.com: noreply@skool.com
mail.google.com: noreply@skool.com
mail.google.com: donotreply@emsigner.com
mail.google.com: no-reply@ngrok.com
mail.google.com: no-reply@ngrok.com
mail.google.com: team@m.ngrok.com
mail.google.com: 1axdgzisox2xiybix80mac...@21124867m.ngrok.com
mail.google.com: noreply@notifications.freelancer.com
mail.google.com: noreply@notifications.freelancer.com
mail.google.com: noreply@notifications.freelancer.com
mail.google.com: noreply@notifications.freelancer.com
mail.google.com: noreply@skool.com
mail.google.com: noreply@skool.com
mail.google.com: noreply@notifications.freelancer.com
mail.google.com: noreply@notifications.freelancer.com
mail.google.com: havox004@gmail.com
mail.google.com: no-reply@accounts.google.com
mail.google.com: havox004@gmail.com
mail.google.com: Email%3Dhavox004@gmail.com
mail.google.com: noreply@notifications.freelancer.com
mail.google.com: noreply@notifications.freelancer.com
mail.google.com: noreply@skool.com
mail.google.com: noreply@skool.com
mail.google.com: team@hello.jobscan.co
mail.google.com: 1axc20ursylzt8mz...@4183339m.hello.jobscan.co
mail.google.com: team@hello.jobscan.co
mail.google.com: contact@stationx.net
mail.google.com: unsub+wvuq9zz265cgh5l0...@convertkit-mail.com
mail.google.com: contact@stationx.net
mail.google.com: noreply@notifications.freelancer.com
mail.google.com: noreply@notifications.freelancer.com
mail.google.com: noreply@skool.com
mail.google.com: noreply@skool.com
mail.google.com: noreply@notifications.freelancer.com
mail.google.com: havox004@gmail.com
mail.google.com: noreply@notifications.freelancer.com
mail.google.com: u003cnoreply+mailer-671495e22bf775.53122949@freelancer.com
mail.google.com: noreply@notifications.freelancer.com
mail.google.com: havox004@gmail.com
mail.google.com: noreply@notifications.freelancer.com
mail.google.com: noreply@skool.com
mail.google.com: havox004@gmail.com
mail.google.com: noreply@skool.com
mail.google.com: havox004@gmail.com
mail.google.com: noreply@skool.com
mail.google.com: no-reply@google.com
mail.google.com: havox004@gmail.com
mail.google.com: no-reply@google.com
mail.google.com: havox004@gmail.com
mail.google.com: havox004@gmail.com
mail.google.com: u003c9c357a65a3dd2dba57a0040183a37dbc92fb1c80-20079894-111495577@google.com
mail.google.com: no-reply@google.com
mail.google.com: havox004@gmail.com
mail.google.com: no-reply@google.com
mail.google.com: havox004@gmail.com
mail.google.com: no-reply@accounts.google.com
mail.google.com: havox004@gmail.com
mail.google.com: u003ehavox004@gmail.com
mail.google.com: u003dhavox004@gmail.com
mail.google.com: Email%3Dhavox004@gmail.com
mail.google.com: havox004@gmail.com
mail.google.com: Email%3Dhavox004@gmail.com
mail.google.com: u003cRMGg5ANJf5tjA9rg3YKwig@notifications.google.com
mail.google.com: no-reply@accounts.google.com
mail.google.com: havox004@gmail.com
mail.google.com: havox004@gmail.com
mail.google.com: no-reply@accounts.google.com
mail.google.com: havox004@gmail.com
mail.google.com: u003ehavox004@gmail.com
mail.google.com: u003dhavox004@gmail.com
mail.google.com: Email%3Dhavox004@gmail.com
mail.google.com: havox004@gmail.com
mail.google.com: Email%3Dhavox004@gmail.com
mail.google.com: u003cSLzKmNlNPfdc7MR6o6R1Sw@notifications.google.com
mail.google.com: no-reply@accounts.google.com
mail.google.com: havox004@gmail.com
mail.google.com: team@m.ngrok.com
mail.google.com: hello@students.udemy.com
mail.google.com: hello@students.udemy.com
mail.google.com: team@m.ngrok.com
mail.google.com: 1axdliotw0lms6b75xipge...@21124867m.ngrok.com
mail.google.com: team@m.ngrok.com
mail.google.com: hello@students.udemy.com
mail.google.com: hello@students.udemy.com
mail.google.com: hello@students.udemy.com
mail.google.com: hello@students.udemy.com
mail.google.com: hello@students.udemy.com
mail.google.com: hello@students.udemy.com
mail.google.com: hello@students.udemy.com
mail.google.com: hello@students.udemy.com
mail.google.com: hello@students.udemy.com
mail.google.com: hello@students.udemy.com
mail.google.com: hello@students.udemy.com
mail.google.com: hello@students.udemy.com
mail.google.com: hello@students.udemy.com
mail.google.com: hello@students.udemy.com
mail.google.com: team@hello.jobscan.co
mail.google.com: 1axdqyb15lzpnakl...@4183339m.hello.jobscan.co
mail.google.com: team@hello.jobscan.co
mail.google.com: hello@students.udemy.com
mail.google.com: hello@students.udemy.com
mail.google.com: no-reply@newsletter.appilix.com
mail.google.com: unsubscribe@ih.d.sender-sib.com
mail.google.com: no-reply@newsletter.appilix.com
mail.google.com: hello@students.udemy.com
mail.google.com: hello@students.udemy.com
mail.google.com: hello@students.udemy.com
mail.google.com: hello@students.udemy.com
mail.google.com: hello@students.udemy.com
mail.google.com: hello@students.udemy.com
mail.google.com: hello@students.udemy.com
mail.google.com: hello@students.udemy.com
mail.google.com: hello@students.udemy.com
mail.google.com: hello@students.udemy.com
mail.google.com: no-reply@newsletter.appilix.com
mail.google.com: no-reply@newsletter.appilix.com
mail.google.com: hello@students.udemy.com
mail.google.com: hello@students.udemy.com
mail.google.com: hello@students.udemy.com
mail.google.com: hello@students.udemy.com
mail.google.com: hello@students.udemy.com
mail.google.com: hello@students.udemy.com
mail.google.com: hello@students.udemy.com
mail.google.com: hello@students.udemy.com
mail.google.com: hello@students.udemy.com
mail.google.com: hello@students.udemy.com
mail.google.com: hello@students.udemy.com
mail.google.com: hello@students.udemy.com
mail.google.com: hello@students.udemy.com
mail.google.com: hello@students.udemy.com
mail.google.com: hello@students.udemy.com
mail.google.com: hello@students.udemy.com
mail.google.com: support@convertify.app
mail.google.com: hello@students.udemy.com
mail.google.com: hello@students.udemy.com
mail.google.com: hello@students.udemy.com
mail.google.com: hello@students.udemy.com
mail.google.com: hello@students.udemy.com
mail.google.com: hello@students.udemy.com
mail.google.com: hello@students.udemy.com
mail.google.com: hello@students.udemy.com
mail.google.com: hello@students.udemy.com
mail.google.com: hello@students.udemy.com
mail.google.com: hello@students.udemy.com
mail.google.com: hello@students.udemy.com
mail.google.com: hello@students.udemy.com
mail.google.com: hello@students.udemy.com
mail.google.com: hello@students.udemy.com
mail.google.com: hello@students.udemy.com
mail.google.com: hello@students.udemy.com
mail.google.com: hello@students.udemy.com
mail.google.com: hello@students.udemy.com
mail.google.com: hello@students.udemy.com
mail.google.com: team@hello.jobscan.co
mail.google.com: 1axcts785aulz89i...@4183339m.hello.jobscan.co
mail.google.com: team@hello.jobscan.co
mail.google.com: hello@students.udemy.com
mail.google.com: hello@students.udemy.com
mail.google.com: hello@students.udemy.com
mail.google.com: hello@students.udemy.com
mail.google.com: hello@students.udemy.com
mail.google.com: hello@students.udemy.com
mail.google.com: team@hello.jobscan.co
mail.google.com: 1axdgewwb4mbj6jp...@4183339m.hello.jobscan.co
mail.google.com: team@hello.jobscan.co
mail.google.com: hello@students.udemy.com
mail.google.com: hello@students.udemy.com
mail.google.com: hello@students.udemy.com
mail.google.com: hello@students.udemy.com
mail.google.com: hello@students.udemy.com
mail.google.com: hello@students.udemy.com
mail.google.com: hello@students.udemy.com
mail.google.com: hello@students.udemy.com
mail.google.com: hello@students.udemy.com
mail.google.com: hello@students.udemy.com
mail.google.com: hello@students.udemy.com
mail.google.com: hello@students.udemy.com
mail.google.com: hello@students.udemy.com
mail.google.com: hello@students.udemy.com
mail.google.com: havox004@gmail.com
mail.google.com: havox004@gmail.com
mail.google.com: havox004@gmail.com
mail.google.com: havox004@gmail.com
mail.google.com: havox004@gmail.com
mail.google.com: havox004@gmail.com
mail.google.com: havox004@gmail.com
mail.google.com: havox004@gmail.com
mail.google.com: noreply@skool.com
mail.google.com: havox004@gmail.com
mail.google.com: havox004@gmail.com
mail.google.com: no-reply@google.com
mail.google.com: havox004@gmail.com
mail.google.com: havox004@gmail.com
mail.google.com: u003c9c357a65a3dd2dba57a0040183a37dbc92fb1c80-20079894-111495577@google.com
mail.google.com: no-reply@google.com
mail.google.com: havox004@gmail.com
mail.google.com: havox004@gmail.com
mail.google.com: noreply@notifications.freelancer.com
mail.google.com: u003cnoreply+mailer-671495e22bf775.53122949@freelancer.com
mail.google.com: noreply@notifications.freelancer.com
mail.google.com: havox004@gmail.com
mail.google.com: havox004@gmail.com
mail.google.com: u003ehavox004@gmail.com
mail.google.com: u003dhavox004@gmail.com
mail.google.com: Email%3Dhavox004@gmail.com
mail.google.com: havox004@gmail.com
mail.google.com: u003cRMGg5ANJf5tjA9rg3YKwig@notifications.google.com
mail.google.com: no-reply@accounts.google.com
mail.google.com: havox004@gmail.com
mail.google.com: havox004@gmail.com
mail.google.com: u003ehavox004@gmail.com
mail.google.com: u003dhavox004@gmail.com
mail.google.com: Email%3Dhavox004@gmail.com
mail.google.com: havox004@gmail.com
mail.google.com: u003cSLzKmNlNPfdc7MR6o6R1Sw@notifications.google.com
mail.google.com: no-reply@accounts.google.com
mail.google.com: havox004@gmail.com
mail.google.com: noreply@notifications.freelancer.com
mail.google.com: noreply@notifications.freelancer.com
mail.google.com: noreply@skool.com
mail.google.com: noreply@skool.com
mail.google.com: no-reply@google.com
mail.google.com: no-reply@google.com
mail.google.com: havox004@gmail.com
mail.google.com: no-reply@accounts.google.com
mail.google.com: Email%3Dhavox004@gmail.com
mail.google.com: havox004@gmail.com
mail.google.com: havox004@gmail.com
mail.google.com: no-reply@accounts.google.com
mail.google.com: Email%3Dhavox004@gmail.com
mail.google.com: havox004@gmail.com
mail.google.com: noreply@notifications.freelancer.com
mail.google.com: noreply@notifications.freelancer.com
mail.google.com: hello@leanpub.com
mail.google.com: hello@leanpub.com
mail.google.com: paymentretry@instamojo.com
mail.google.com: u003cdgmeudoxia@eudoxiainternational.com
mail.google.com: neerajabose996@gmail.com
mail.google.com: u003cdgmeudoxia@eudoxiainternational.com
mail.google.com: u003cCALLVWFdGePVDowi__XqRock29a1ACaDxObaEgH1RWTiUinrMWg@mail.gmail.com
mail.google.com: noreply@notifications.freelancer.com
mail.google.com: noreply@notifications.freelancer.com
mail.google.com: noreply@skool.com
mail.google.com: noreply@skool.com
mail.google.com: team@hello.jobscan.co
mail.google.com: 1axdkud0dry80gdb...@4183339m.hello.jobscan.co
mail.google.com: team@hello.jobscan.co
mail.google.com: contact@stationx.net
mail.google.com: unsub+n4u7vwwo6eivh84o...@convertkit-mail.com
mail.google.com: contact@stationx.net
mail.google.com: noreply@notifications.freelancer.com
mail.google.com: noreply@notifications.freelancer.com
mail.google.com: noreply@skool.com
mail.google.com: noreply@skool.com
mail.google.com: no-reply@aistandardshub.org
mail.google.com: team@hello.jobscan.co
mail.google.com: 1axdizdliakt2xga...@4183339m.hello.jobscan.co
mail.google.com: noreply@notifications.freelancer.com
mail.google.com: noreply@notifications.freelancer.com
mail.google.com: contact@stationx.net
mail.google.com: unsub+75uo9qq76li8hkem...@convertkit-mail.com
mail.google.com: contact@stationx.net
mail.google.com: noreply@notifications.freelancer.com
mail.google.com: noreply@notifications.freelancer.com
mail.google.com: noreply@skool.com
mail.google.com: noreply@skool.com
mail.google.com: noreply@notifications.freelancer.com
mail.google.com: noreply@notifications.freelancer.com
mail.google.com: noreply@notifications.freelancer.com
mail.google.com: noreply@notifications.freelancer.com
mail.google.com: noreply@skool.com
mail.google.com: noreply@skool.com
mail.google.com: noreply@notifications.freelancer.com
mail.google.com: noreply@notifications.freelancer.com
mail.google.com: noreply@notifications.freelancer.com
mail.google.com: noreply@notifications.freelancer.com
mail.google.com: noreply@skool.com
mail.google.com: noreply@skool.com
mail.google.com: hello@leanpub.com
mail.google.com: hello@leanpub.com
mail.google.com: contact@stationx.net
mail.google.com: unsub+0vu2v66wgqb9ho4o...@convertkit-mail.com
mail.google.com: contact@stationx.net
mail.google.com: noreply@notifications.freelancer.com
mail.google.com: noreply@notifications.freelancer.com
mail.google.com: noreply@skool.com
mail.google.com: noreply@skool.com
mail.google.com: noreply@zerossl.com
mail.google.com: noreply@zerossl.com
mail.google.com: noreply@notifications.freelancer.com
mail.google.com: noreply@notifications.freelancer.com
mail.google.com: contact@stationx.net
mail.google.com: unsub+27ugr3320wsohvq5...@convertkit-mail.com
mail.google.com: contact@stationx.net
mail.google.com: noreply@notifications.freelancer.com
mail.google.com: noreply@notifications.freelancer.com
mail.google.com: noreply@skool.com
mail.google.com: noreply@skool.com
mail.google.com: donotreply@emsigner.com
mail.google.com: no-reply@ngrok.com
mail.google.com: no-reply@ngrok.com
mail.google.com: team@m.ngrok.com
mail.google.com: 1axdgzisox2xiybix80mac...@21124867m.ngrok.com
mail.google.com: noreply@notifications.freelancer.com
mail.google.com: noreply@notifications.freelancer.com
mail.google.com: noreply@notifications.freelancer.com
mail.google.com: noreply@notifications.freelancer.com
mail.google.com: noreply@skool.com
mail.google.com: noreply@skool.com
mail.google.com: noreply@notifications.freelancer.com
mail.google.com: noreply@notifications.freelancer.com
mail.google.com: havox004@gmail.com
mail.google.com: no-reply@accounts.google.com
mail.google.com: Email%3Dhavox004@gmail.com
mail.google.com: havox004@gmail.com
mail.google.com: noreply@notifications.freelancer.com
mail.google.com: noreply@notifications.freelancer.com
mail.google.com: noreply@skool.com
mail.google.com: noreply@skool.com
mail.google.com: team@hello.jobscan.co
mail.google.com: 1axc20ursylzt8mz...@4183339m.hello.jobscan.co
mail.google.com: team@hello.jobscan.co
mail.google.com: contact@stationx.net
mail.google.com: unsub+wvuq9zz265cgh5l0...@convertkit-mail.com
mail.google.com: contact@stationx.net
mail.google.com: noreply@notifications.freelancer.com
mail.google.com: noreply@notifications.freelancer.com
mail.google.com: noreply@skool.com
mail.google.com: noreply@skool.com
mail.google.com: hello@leanpub.com
mail.google.com: hello@leanpub.com
mail.google.com: noreply@notifications.freelancer.com
mail.google.com: noreply@notifications.freelancer.com
mail.google.com: contact@stationx.net
mail.google.com: unsub+d0uxo88e70t0h429...@convertkit-mail.com
mail.google.com: contact@stationx.net
mail.google.com: noreply@freelancer.com
mail.google.com: noreply@freelancer.com
mail.google.com: noreply@notifications.freelancer.com
mail.google.com: noreply@notifications.freelancer.com
mail.google.com: noreply@skool.com
mail.google.com: noreply@skool.com
mail.google.com: hello@leanpub.com
mail.google.com: hello@leanpub.com
mail.google.com: donotreply@emsigner.com
mail.google.com: notifications@github.com
mail.google.com: unsub+BLVGDTYVYEVEYKJCQFV...@reply.github.com
mail.google.com: notifications@github.com
mail.google.com: 1@github.com
mail.google.com: unsub+BLVGDT5XTXGKYPEGI4C...@reply.github.com
mail.google.com: notifications@github.com
mail.google.com: notifications@github.com
mail.google.com: 1@github.com
mail.google.com: unsub+BLVGDT3CV2WH2GJZFRS...@reply.github.com
mail.google.com: team@m.ngrok.com
mail.google.com: hello@students.udemy.com
mail.google.com: hello@students.udemy.com
mail.google.com: team@m.ngrok.com
mail.google.com: 1axdliotw0lms6b75xipge...@21124867m.ngrok.com
mail.google.com: team@m.ngrok.com
mail.google.com: hello@students.udemy.com
mail.google.com: hello@students.udemy.com
mail.google.com: hello@students.udemy.com
mail.google.com: hello@students.udemy.com
mail.google.com: hello@students.udemy.com
mail.google.com: hello@students.udemy.com
mail.google.com: hello@students.udemy.com
mail.google.com: hello@students.udemy.com
mail.google.com: hello@students.udemy.com
mail.google.com: hello@students.udemy.com
mail.google.com: hello@students.udemy.com
mail.google.com: hello@students.udemy.com
mail.google.com: hello@students.udemy.com
mail.google.com: hello@students.udemy.com
mail.google.com: team@hello.jobscan.co
mail.google.com: 1axdqyb15lzpnakl...@4183339m.hello.jobscan.co
mail.google.com: team@hello.jobscan.co
mail.google.com: hello@students.udemy.com
mail.google.com: hello@students.udemy.com
mail.google.com: no-reply@newsletter.appilix.com
mail.google.com: unsubscribe@ih.d.sender-sib.com
mail.google.com: no-reply@newsletter.appilix.com
mail.google.com: hello@students.udemy.com
mail.google.com: hello@students.udemy.com
mail.google.com: hello@students.udemy.com
mail.google.com: hello@students.udemy.com
mail.google.com: hello@students.udemy.com
mail.google.com: hello@students.udemy.com
mail.google.com: hello@students.udemy.com
mail.google.com: hello@students.udemy.com
mail.google.com: hello@students.udemy.com
mail.google.com: hello@students.udemy.com
mail.google.com: no-reply@newsletter.appilix.com
mail.google.com: no-reply@newsletter.appilix.com
mail.google.com: hello@students.udemy.com
mail.google.com: hello@students.udemy.com
mail.google.com: hello@students.udemy.com
mail.google.com: hello@students.udemy.com
mail.google.com: hello@students.udemy.com
mail.google.com: hello@students.udemy.com
mail.google.com: hello@students.udemy.com
mail.google.com: hello@students.udemy.com
mail.google.com: hello@students.udemy.com
mail.google.com: hello@students.udemy.com
mail.google.com: hello@students.udemy.com
mail.google.com: hello@students.udemy.com
mail.google.com: hello@students.udemy.com
mail.google.com: hello@students.udemy.com
mail.google.com: hello@students.udemy.com
mail.google.com: hello@students.udemy.com
mail.google.com: support@convertify.app
mail.google.com: hello@students.udemy.com
mail.google.com: hello@students.udemy.com
mail.google.com: hello@students.udemy.com
mail.google.com: hello@students.udemy.com
mail.google.com: hello@students.udemy.com
mail.google.com: hello@students.udemy.com
mail.google.com: hello@students.udemy.com
mail.google.com: hello@students.udemy.com
mail.google.com: hello@students.udemy.com
mail.google.com: hello@students.udemy.com
mail.google.com: hello@students.udemy.com
mail.google.com: hello@students.udemy.com
mail.google.com: hello@students.udemy.com
mail.google.com: hello@students.udemy.com
mail.google.com: hello@students.udemy.com
mail.google.com: hello@students.udemy.com
mail.google.com: hello@students.udemy.com
mail.google.com: hello@students.udemy.com
mail.google.com: hello@students.udemy.com
mail.google.com: hello@students.udemy.com
mail.google.com: team@hello.jobscan.co
mail.google.com: 1axcts785aulz89i...@4183339m.hello.jobscan.co
mail.google.com: team@hello.jobscan.co
mail.google.com: hello@students.udemy.com
mail.google.com: hello@students.udemy.com
mail.google.com: hello@students.udemy.com
mail.google.com: hello@students.udemy.com
mail.google.com: hello@students.udemy.com
mail.google.com: hello@students.udemy.com
mail.google.com: team@hello.jobscan.co
mail.google.com: 1axdgewwb4mbj6jp...@4183339m.hello.jobscan.co
mail.google.com: team@hello.jobscan.co
mail.google.com: hello@students.udemy.com
mail.google.com: hello@students.udemy.com
mail.google.com: hello@students.udemy.com
mail.google.com: hello@students.udemy.com
mail.google.com: hello@students.udemy.com
mail.google.com: hello@students.udemy.com
mail.google.com: hello@students.udemy.com
mail.google.com: hello@students.udemy.com
mail.google.com: hello@students.udemy.com
mail.google.com: hello@students.udemy.com
mail.google.com: hello@students.udemy.com
mail.google.com: hello@students.udemy.com
mail.google.com: hello@students.udemy.com
mail.google.com: hello@students.udemy.com
mail.google.com: hello@students.udemy.com
mail.google.com: hello@students.udemy.com
mail.google.com: contact@mautem.resumeworded.com
mail.google.com: contact@mautem.resumeworded.com
mail.google.com: hello@students.udemy.com
mail.google.com: hello@students.udemy.com
mail.google.com: hello@students.udemy.com
mail.google.com: hello@students.udemy.com
mail.google.com: hello@students.udemy.com
mail.google.com: hello@students.udemy.com
mail.google.com: hello@students.udemy.com
mail.google.com: hello@students.udemy.com
mail.google.com: hello@students.udemy.com
mail.google.com: hello@students.udemy.com
mail.google.com: hello@students.udemy.com
mail.google.com: hello@students.udemy.com
mail.google.com: hello@students.udemy.com
mail.google.com: hello@students.udemy.com
mail.google.com: hello@students.udemy.com
mail.google.com: hello@students.udemy.com
mail.google.com: noreply@notifications.freelancer.com
mail.google.com: noreply@notifications.freelancer.com
mail.google.com: u003cnoreply+mailer-67134436a38003.06821640@freelancer.com
mail.google.com: havox004@gmail.com
mail.google.com: noreply@notifications.freelancer.com
mail.google.com: u003cnoreply+mailer-67134436a38003.06821640@freelancer.com
mail.google.com: noreply@notifications.freelancer.com
mail.google.com: havox004@gmail.com
mail.google.com: hello@leanpub.com
mail.google.com: hello@leanpub.com
mail.google.com: u003cd9dae16c3f9f533e6c9e48efb.e8ae9e8037.20241018173431.f9aa705851.37893a45@mail217.suw241.rsgsv.net
mail.google.com: havox004@gmail.com
mail.google.com: hello@leanpub.com
mail.google.com: u003cd9dae16c3f9f533e6c9e48efb.e8ae9e8037.20241018173431.f9aa705851.37893a45@mail217.suw241.rsgsv.net
mail.google.com: hello@leanpub.com
mail.google.com: havox004@gmail.com
mail.google.com: paymentretry@instamojo.com
mail.google.com: u003c010901929f21d5a2-00f2ac08-d5a4-4393-8b74-8f752396c3c6-000000@ap-south-1.amazonses.com
mail.google.com: havox004@gmail.com
mail.google.com: eudoxiaeducation@gmail.com
mail.google.com: support@instamojo.com
mail.google.com: u003esupport@instamojo.com
mail.google.com: u003c010901929f21d5a2-00f2ac08-d5a4-4393-8b74-8f752396c3c6-000000@ap-south-1.amazonses.com
mail.google.com: paymentretry@instamojo.com
mail.google.com: havox004@gmail.com
mail.google.com: u003cdgmeudoxia@eudoxiainternational.com
mail.google.com: neerajabose996@gmail.com
mail.google.com: u003cdgmeudoxia@eudoxiainternational.com
mail.google.com: u003cCALLVWFdGePVDowi__XqRock29a1ACaDxObaEgH1RWTiUinrMWg@mail.gmail.com
mail.google.com: u003dwKeME7TVDRNcs6ayc_ktEj2MhZZj3Nu1WU_JvOQ@mail.gmail.com
mail.google.com: havox004@gmail.com
mail.google.com: dgmeudoxia@eudoxiainternational.com
mail.google.com: neerajabose996@gmail.com
mail.google.com: u003eneerajabose996@gmail.com
mail.google.com: vperu@eudoxiainternational.com
mail.google.com: chairman@eudoxiainternational.com
mail.google.com: registrar@eudoxiainternational.com
mail.google.com: u003cdgmeudoxia@eudoxiainternational.com
mail.google.com: u003dwKeME7TVDRNcs6ayc_ktEj2MhZZj3Nu1WU_JvOQ@mail.gmail.com
mail.google.com: u003cCALLVWFdGePVDowi__XqRock29a1ACaDxObaEgH1RWTiUinrMWg@mail.gmail.com
mail.google.com: u003cCALLVWFdGePVDowi__XqRock29a1ACaDxObaEgH1RWTiUinrMWg@mail.gmail.com
mail.google.com: neerajabose996@gmail.com
mail.google.com: havox004@gmail.com
mail.google.com: noreply@notifications.freelancer.com
mail.google.com: noreply@notifications.freelancer.com
mail.google.com: u003cnoreply+mailer-6711f482f0e806.05148734@freelancer.com
mail.google.com: havox004@gmail.com
mail.google.com: noreply@notifications.freelancer.com
mail.google.com: u003cnoreply+mailer-6711f482f0e806.05148734@freelancer.com
mail.google.com: noreply@notifications.freelancer.com
mail.google.com: havox004@gmail.com
mail.google.com: noreply@notifications.freelancer.com
mail.google.com: havox004@gmail.com
mail.google.com: noreply@notifications.freelancer.com
mail.google.com: u003cnoreply+mailer-671495e22bf775.53122949@freelancer.com
mail.google.com: noreply@notifications.freelancer.com
mail.google.com: noreply@skool.com
mail.google.com: havox004@gmail.com
mail.google.com: noreply@skool.com
mail.google.com: no-reply@google.com
mail.google.com: havox004@gmail.com
mail.google.com: no-reply@google.com
mail.google.com: u003c9c357a65a3dd2dba57a0040183a37dbc92fb1c80-20079894-111495577@google.com
mail.google.com: no-reply@google.com
mail.google.com: no-reply@accounts.google.com
mail.google.com: havox004@gmail.com
mail.google.com: havox004@gmail.com
mail.google.com: Email%3Dhavox004@gmail.com
mail.google.com: u003cSLzKmNlNPfdc7MR6o6R1Sw@notifications.google.com
mail.google.com: no-reply@accounts.google.com
mail.google.com: havox004@gmail.com
mail.google.com: havox004@gmail.com
mail.google.com: Email%3Dhavox004@gmail.com
mail.google.com: u003cRMGg5ANJf5tjA9rg3YKwig@notifications.google.com
mail.google.com: noreply@notifications.freelancer.com
mail.google.com: havox004@gmail.com
mail.google.com: noreply@notifications.freelancer.com
mail.google.com: u003cnoreply+mailer-67134436a38003.06821640@freelancer.com
mail.google.com: noreply@notifications.freelancer.com
mail.google.com: hello@leanpub.com
mail.google.com: havox004@gmail.com
mail.google.com: hello@leanpub.com
mail.google.com: u003cd9dae16c3f9f533e6c9e48efb.e8ae9e8037.20241018173431.f9aa705851.37893a45@mail217.suw241.rsgsv.net
mail.google.com: hello@leanpub.com
mail.google.com: paymentretry@instamojo.com
mail.google.com: havox004@gmail.com
mail.google.com: eudoxiaeducation@gmail.com
mail.google.com: u003c010901929f21d5a2-00f2ac08-d5a4-4393-8b74-8f752396c3c6-000000@ap-south-1.amazonses.com
mail.google.com: neerajabose996@gmail.com
mail.google.com: havox004@gmail.com
mail.google.com: u003cdgmeudoxia@eudoxiainternational.com
mail.google.com: u003dwKeME7TVDRNcs6ayc_ktEj2MhZZj3Nu1WU_JvOQ@mail.gmail.com
mail.google.com: u003cCALLVWFdGePVDowi__XqRock29a1ACaDxObaEgH1RWTiUinrMWg@mail.gmail.com
mail.google.com: u003cCALLVWFdGePVDowi__XqRock29a1ACaDxObaEgH1RWTiUinrMWg@mail.gmail.com
mail.google.com: noreply@notifications.freelancer.com
mail.google.com: havox004@gmail.com
mail.google.com: noreply@notifications.freelancer.com
mail.google.com: u003cnoreply+mailer-6711f482f0e806.05148734@freelancer.com
mail.google.com: noreply@notifications.freelancer.com
mail.google.com: noreply@skool.com
mail.google.com: havox004@gmail.com
mail.google.com: noreply@skool.com
mail.google.com: team@hello.jobscan.co
mail.google.com: havox004@gmail.com
mail.google.com: team@jobscan.co
mail.google.com: u003c1729180454747.c7a1b96f-134b-4779-a1ce-f67b99de12ba@4183339m.hello.jobscan.co
mail.google.com: 1axdkud0dry80gdb...@4183339m.hello.jobscan.co
mail.google.com: team@hello.jobscan.co
mail.google.com: contact@stationx.net
mail.google.com: havox004@gmail.com
mail.google.com: u003cn4u7vwwo6eivh84oe8pi6h6govwggtl@convertkit-mail.com
mail.google.com: unsub+n4u7vwwo6eivh84o...@convertkit-mail.com
mail.google.com: contact@stationx.net
mail.google.com: noreply@notifications.freelancer.com
mail.google.com: havox004@gmail.com
mail.google.com: noreply@notifications.freelancer.com
mail.google.com: u003cnoreply+mailer-6710a247543761.89920640@freelancer.com
mail.google.com: noreply@notifications.freelancer.com
mail.google.com: noreply@skool.com
mail.google.com: havox004@gmail.com
mail.google.com: noreply@skool.com
mail.google.com: no-reply@aistandardshub.org
mail.google.com: havox004@gmail.com
mail.google.com: u003ckvolLXx3ucj841zyazKyWSVN5EAqrQWfnnM80ZUr6s@aistandardshub.org
mail.google.com: team@hello.jobscan.co
mail.google.com: havox004@gmail.com
mail.google.com: team@jobscan.co
mail.google.com: u003c1729090289085.7bffcf2a-6a75-40d1-87bd-f0c5fc2bf9ea@4183339m.hello.jobscan.co
mail.google.com: 1axdizdliakt2xga...@4183339m.hello.jobscan.co
mail.google.com: noreply@notifications.freelancer.com
mail.google.com: havox004@gmail.com
mail.google.com: noreply@notifications.freelancer.com
mail.google.com: u003cnoreply+mailer-670f53db65dea7.11211744@freelancer.com
mail.google.com: noreply@notifications.freelancer.com
mail.google.com: contact@stationx.net
mail.google.com: havox004@gmail.com
mail.google.com: u003c75uo9qq76li8hkempwdszhw6k7r66cn@convertkit-mail.com
mail.google.com: unsub+75uo9qq76li8hkem...@convertkit-mail.com
mail.google.com: contact@stationx.net
mail.google.com: team@m.ngrok.com
mail.google.com: havox004@gmail.com
mail.google.com: reply@ngrok.com
mail.google.com: u003c1728993735502.1bf9b4ed-19e8-4a42-bf5f-c8ff861e31cb@21124867m.ngrok.com
mail.google.com: noreply@notifications.freelancer.com
mail.google.com: havox004@gmail.com
mail.google.com: noreply@notifications.freelancer.com
mail.google.com: u003cnoreply+mailer-670e0078485796.36267412@freelancer.com
mail.google.com: noreply@notifications.freelancer.com
mail.google.com: noreply@skool.com
mail.google.com: havox004@gmail.com
mail.google.com: noreply@skool.com
mail.google.com: noreply@notifications.freelancer.com
mail.google.com: havox004@gmail.com
mail.google.com: noreply@notifications.freelancer.com
mail.google.com: u003cnoreply+mailer-670cacf19d7f53.46915489@freelancer.com
mail.google.com: noreply@notifications.freelancer.com
mail.google.com: noreply@notifications.freelancer.com
mail.google.com: havox004@gmail.com
mail.google.com: noreply@notifications.freelancer.com
mail.google.com: u003cnoreply+mailer-670b58ddc297c2.64720592@freelancer.com
mail.google.com: noreply@notifications.freelancer.com
mail.google.com: noreply@skool.com
mail.google.com: havox004@gmail.com
mail.google.com: noreply@skool.com
mail.google.com: havox004@gmail.com
mail.google.com: noreply@skool.com
mail.google.com: havox004@gmail.com
mail.google.com: havox004@gmail.com
mail.google.com: team@jobscan.co
mail.google.com: u003c1729180454747.c7a1b96f-134b-4779-a1ce-f67b99de12ba@4183339m.hello.jobscan.co
mail.google.com: team@hello.jobscan.co
mail.google.com: havox004@gmail.com
mail.google.com: havox004@gmail.com
mail.google.com: u003econtact@stationx.net
mail.google.com: u003cn4u7vwwo6eivh84oe8pi6h6govwggtl@convertkit-mail.com
mail.google.com: contact@stationx.net
mail.google.com: havox004@gmail.com
mail.google.com: havox004@gmail.com
mail.google.com: noreply@notifications.freelancer.com
mail.google.com: u003cnoreply+mailer-6710a247543761.89920640@freelancer.com
mail.google.com: noreply@notifications.freelancer.com
mail.google.com: havox004@gmail.com
mail.google.com: havox004@gmail.com
mail.google.com: noreply@skool.com
mail.google.com: havox004@gmail.com
mail.google.com: havox004@gmail.com
mail.google.com: u003ckvolLXx3ucj841zyazKyWSVN5EAqrQWfnnM80ZUr6s@aistandardshub.org
mail.google.com: no-reply@aistandardshub.org
mail.google.com: havox004@gmail.com
mail.google.com: havox004@gmail.com
mail.google.com: team@jobscan.co
mail.google.com: u003c1729090289085.7bffcf2a-6a75-40d1-87bd-f0c5fc2bf9ea@4183339m.hello.jobscan.co
mail.google.com: team@hello.jobscan.co
mail.google.com: havox004@gmail.com
mail.google.com: havox004@gmail.com
mail.google.com: noreply@notifications.freelancer.com
mail.google.com: u003cnoreply+mailer-670f53db65dea7.11211744@freelancer.com
mail.google.com: noreply@notifications.freelancer.com
mail.google.com: havox004@gmail.com
mail.google.com: havox004@gmail.com
mail.google.com: u003econtact@stationx.net
mail.google.com: u003c75uo9qq76li8hkempwdszhw6k7r66cn@convertkit-mail.com
mail.google.com: contact@stationx.net
mail.google.com: havox004@gmail.com
mail.google.com: havox004@gmail.com
mail.google.com: noreply@notifications.freelancer.com
mail.google.com: u003cnoreply+mailer-670e0078485796.36267412@freelancer.com
mail.google.com: noreply@notifications.freelancer.com
mail.google.com: havox004@gmail.com
mail.google.com: havox004@gmail.com
mail.google.com: noreply@skool.com
mail.google.com: havox004@gmail.com
mail.google.com: havox004@gmail.com
mail.google.com: noreply@notifications.freelancer.com
mail.google.com: u003cnoreply+mailer-670cacf19d7f53.46915489@freelancer.com
mail.google.com: noreply@notifications.freelancer.com
mail.google.com: havox004@gmail.com
mail.google.com: havox004@gmail.com
mail.google.com: noreply@notifications.freelancer.com
mail.google.com: u003cnoreply+mailer-670b58ddc297c2.64720592@freelancer.com
mail.google.com: noreply@notifications.freelancer.com
mail.google.com: havox004@gmail.com
mail.google.com: havox004@gmail.com
mail.google.com: noreply@skool.com
mail.google.com: havox004@gmail.com
mail.google.com: havox004@gmail.com
mail.google.com: noreply@notifications.freelancer.com
mail.google.com: u003cnoreply+mailer-670a089f112512.40191533@freelancer.com
mail.google.com: noreply@notifications.freelancer.com
mail.google.com: havox004@gmail.com
mail.google.com: havox004@gmail.com
mail.google.com: noreply@notifications.freelancer.com
mail.google.com: u003cnoreply+mailer-6708b8bd307637.35978638@freelancer.com
mail.google.com: noreply@notifications.freelancer.com
mail.google.com: havox004@gmail.com
mail.google.com: havox004@gmail.com
mail.google.com: noreply@skool.com
mail.google.com: havox004@gmail.com
mail.google.com: havox004@gmail.com
mail.google.com: hello@leanpub.com
mail.google.com: u003cd9dae16c3f9f533e6c9e48efb.e8ae9e8037.20241010173133.f7fd27fe3d.1f6e5b0e@mail19.atl11.rsgsv.net
mail.google.com: hello@leanpub.com
mail.google.com: havox004@gmail.com
mail.google.com: havox004@gmail.com
mail.google.com: u003econtact@stationx.net
mail.google.com: u003c0vu2v66wgqb9ho4oz6vclhv594855fn@convertkit-mail.com
mail.google.com: contact@stationx.net
mail.google.com: havox004@gmail.com
mail.google.com: havox004@gmail.com
mail.google.com: noreply@notifications.freelancer.com
mail.google.com: u003cnoreply+mailer-6707676c23d407.85768431@freelancer.com
mail.google.com: noreply@notifications.freelancer.com
mail.google.com: havox004@gmail.com
mail.google.com: havox004@gmail.com
mail.google.com: noreply@skool.com
mail.google.com: havox004@gmail.com
mail.google.com: havox004@gmail.com
mail.google.com: noreply@zerossl.com
mail.google.com: u003c29b8dc06ab320ec6a67ed9ae1.341568a774.20241009120433.85c22310d4.37bb2dac@mail83.suw11.mcdlv.net
mail.google.com: noreply@zerossl.com
mail.google.com: havox004@gmail.com
mail.google.com: havox004@gmail.com
mail.google.com: noreply@notifications.freelancer.com
mail.google.com: u003cnoreply+mailer-670616b3c45569.78122025@freelancer.com
mail.google.com: noreply@notifications.freelancer.com
mail.google.com: havox004@gmail.com
mail.google.com: havox004@gmail.com
mail.google.com: u003econtact@stationx.net
mail.google.com: u003c27ugr3320wsohvq5klqh3hg4om344hg@convertkit-mail.com
mail.google.com: contact@stationx.net
mail.google.com: havox004@gmail.com
mail.google.com: havox004@gmail.com
mail.google.com: noreply@notifications.freelancer.com
mail.google.com: u003cnoreply+mailer-6704c5b423bc49.00202885@freelancer.com
mail.google.com: noreply@notifications.freelancer.com
mail.google.com: havox004@gmail.com
mail.google.com: havox004@gmail.com
mail.google.com: noreply@skool.com
mail.google.com: havox004@gmail.com
mail.google.com: havox004@gmail.com
mail.google.com: donotreply@emsigner.com
mail.google.com: havox004@gmail.com
mail.google.com: u003ehavox004@gmail.com
mail.google.com: support@emsigner.com
mail.google.com: u003esupport@emsigner.com
mail.google.com: u003c67041d9b.050a0220.236346.ade3SMTPIN_ADDED_MISSING@mx.google.com
mail.google.com: donotreply@emsigner.com
mail.google.com: havox004@gmail.com
mail.google.com: havox004@gmail.com
mail.google.com: no-reply@ngrok.com
mail.google.com: havox004@gmail.com
mail.google.com: havox004@gmail.com
mail.google.com: no-reply@ngrok.com
mail.google.com: havox004@gmail.com
mail.google.com: havox004@gmail.com
mail.google.com: reply@ngrok.com
mail.google.com: u003c1728282365198.21a41bb0-0aae-424c-a9f1-4e523e3fe4b9@21124867m.ngrok.com
mail.google.com: team@m.ngrok.com
mail.google.com: havox004@gmail.com
mail.google.com: havox004@gmail.com
mail.google.com: noreply@notifications.freelancer.com
mail.google.com: u003cnoreply+mailer-6703743b946888.37306322@freelancer.com
mail.google.com: noreply@notifications.freelancer.com
mail.google.com: havox004@gmail.com
mail.google.com: havox004@gmail.com
mail.google.com: noreply@notifications.freelancer.com
mail.google.com: u003cnoreply+mailer-670221328bf9d2.18158284@freelancer.com
mail.google.com: noreply@notifications.freelancer.com
mail.google.com: havox004@gmail.com
mail.google.com: havox004@gmail.com
mail.google.com: noreply@skool.com
mail.google.com: havox004@gmail.com
mail.google.com: havox004@gmail.com
mail.google.com: noreply@notifications.freelancer.com
mail.google.com: u003cnoreply+mailer-6700d0181f4941.37159291@freelancer.com
mail.google.com: noreply@notifications.freelancer.com
mail.google.com: havox004@gmail.com
mail.google.com: havox004@gmail.com
mail.google.com: u003ehavox004@gmail.com
mail.google.com: u003dhavox004@gmail.com
mail.google.com: Email%3Dhavox004@gmail.com
mail.google.com: havox004@gmail.com
mail.google.com: u003cDJMcqNN3-ErBY4oV7O0Ejg@notifications.google.com
mail.google.com: no-reply@accounts.google.com
mail.google.com: havox004@gmail.com
mail.google.com: havox004@gmail.com
mail.google.com: noreply@notifications.freelancer.com
mail.google.com: u003cnoreply+mailer-66ff8048e11143.27962181@freelancer.com
mail.google.com: noreply@notifications.freelancer.com
mail.google.com: havox004@gmail.com
mail.google.com: havox004@gmail.com
mail.google.com: noreply@skool.com
mail.google.com: havox004@gmail.com
mail.google.com: havox004@gmail.com
mail.google.com: team@jobscan.co
mail.google.com: u003c1727966494143.0aa264d3-69b5-4902-a496-6f07a09d71f3@4183339m.hello.jobscan.co
mail.google.com: team@hello.jobscan.co
mail.google.com: havox004@gmail.com
mail.google.com: havox004@gmail.com
mail.google.com: u003econtact@stationx.net
mail.google.com: u003cwvuq9zz265cgh5l0v6xi7hnx4ozxxc8@convertkit-mail.com
mail.google.com: contact@stationx.net
mail.google.com: havox004@gmail.com
mail.google.com: havox004@gmail.com
mail.google.com: noreply@notifications.freelancer.com
mail.google.com: u003cnoreply+mailer-66fe30d00fa208.04096418@freelancer.com
mail.google.com: noreply@notifications.freelancer.com
mail.google.com: havox004@gmail.com
mail.google.com: havox004@gmail.com
mail.google.com: noreply@skool.com
mail.google.com: havox004@gmail.com
mail.google.com: havox004@gmail.com
mail.google.com: reply@ngrok.com
mail.google.com: u003c1728993735502.1bf9b4ed-19e8-4a42-bf5f-c8ff861e31cb@21124867m.ngrok.com
mail.google.com: team@m.ngrok.com
mail.google.com: havox004@gmail.com
mail.google.com: noreply+mailer-671495e22bf775.53122949@freelancer.com
mail.google.com: noreply+mailer-671495e22bf775.53122949@freelancer.com
mail.google.com: noreply+mailer-671495e22bf775.53122949@freelancer.com
mail.google.com: noreply+mailer-671495e22bf775.53122949@freelancer.com
mail.google.com: noreply+mailer-671495e22bf775.53122949@freelancer.com
mail.google.com: noreply+mailer-671495e22bf775.53122949@freelancer.com
mail.google.com: noreply+mailer-671495e22bf775.53122949@freelancer.com
mail.google.com: noreply+mailer-671495e22bf775.53122949@freelancer.com
mail.google.com: noreply+mailer-671495e22bf775.53122949@freelancer.com
mail.google.com: noreply+mailer-671495e22bf775.53122949@freelancer.com
mail.google.com: noreply@skool.com
mail.google.com: havox004@gmail.com
mail.google.com: noreply@skool.com
mail.google.com: noreply@notifications.freelancer.com
mail.google.com: havox004@gmail.com
mail.google.com: noreply@notifications.freelancer.com
mail.google.com: u003cnoreply+mailer-671495e22bf775.53122949@freelancer.com
mail.google.com: noreply@notifications.freelancer.com
mail.google.com: noreply+mailer-671495e22bf775.53122949@freelancer.com
mail.google.com: noreply+mailer-671495e22bf775.53122949@freelancer.com
mail.google.com: noreply+mailer-671495e22bf775.53122949@freelancer.com
mail.google.com: noreply+mailer-671495e22bf775.53122949@freelancer.com
mail.google.com: noreply+mailer-671495e22bf775.53122949@freelancer.com
